Thu Jan 31 16:22:59 CET 2019
MaxEnt version 3.3.3k
Reading file absence
readGrid: max memory 477626368, total allocated 334495744, free 185936544, used 148559200, increment -39789512
Reading samples from presence
Read samples: max memory 477626368, total allocated 334495744, free 161643240, used 172852504, increment 24293304
Adding samples to background in feature space
Command line used:  autorun -e MaxEnt/Sorbus lancifolia/absence -o MaxEnt/Sorbus lancifolia -s MaxEnt/Sorbus lancifolia/presence -z betamultiplier=0.5 linear=TRUE quadratic=FALSE product=FALSE hinge=FALSE threshold=FALSE -P -J replicates=5
Command line to repeat: java density.MaxEnt nowarnings noprefixes responsecurves jackknife "outputdirectory=MaxEnt/Sorbus lancifolia" "samplesfile=MaxEnt/Sorbus lancifolia/presence" "environmentallayers=MaxEnt/Sorbus lancifolia/absence" betamultiplier=0.5 replicates=5 noquadratic noproduct nothreshold nohinge autorun novisible noprefixes -t Forest_Productivity -t Forest_Type
Species: species_0
Layers: Forest_Productivity Forest_Type bio10_16 bio12_16 bio15_16 moose2015 red_deer2015 roe_deer2015
Layertypes: Categorical Categorical Continuous Continuous Continuous Continuous Continuous Continuous
responsecurves: true
jackknife: true
outputdirectory: MaxEnt/Sorbus lancifolia
samplesfile: MaxEnt/Sorbus lancifolia/presence
environmentallayers: MaxEnt/Sorbus lancifolia/absence
betamultiplier: 0.5
replicates: 5
quadratic: false
product: false
threshold: false
hinge: false
autorun: true
visible: false
prefixes: false

Warning: Skipping species_0 because it has 0 training samples
Ending
